<?xml version="1.0" encoding="UTF-8"?>
<!-- Generated by org.testng.reporters.JUnitReportReporter -->
<testsuite hostname="INLaptop140.local" failures="0" tests="2" name="com.qa.tests.EditVideoTest" time="118.644" errors="0" timestamp="04 Jun 2020 19:40:29 GMT" skipped="1">
  <testcase classname="com.qa.tests.EditVideoTest" name="verifyDashboardTitle" time="118.644"/>
  <testcase classname="com.qa.tests.EditVideoTest" name="verifyDeleteAddedVideo">
    <skipped/>
  </testcase> <!-- verifyDeleteAddedVideo -->
</testsuite> <!-- com.qa.tests.EditVideoTest -->
