<?xml version="1.0" encoding="UTF-8"?>
<!-- Generated by org.testng.reporters.JUnitReportReporter -->
<testsuite hostname="INLaptop140.local" failures="0" tests="1" name="com.qa.tests.LoginTest" time="38.902" errors="0" timestamp="12 May 2020 18:59:08 GMT" skipped="0">
  <testcase classname="com.qa.tests.LoginTest" name="verifyLogin" time="38.902"/>
</testsuite> <!-- com.qa.tests.LoginTest -->
