<?xml version="1.0" encoding="UTF-8"?>
<!-- Generated by org.testng.reporters.JUnitReportReporter -->
<testsuite hostname="INLaptop140.local" failures="0" tests="3" name="com.qa.tests.DashboardTest" time="44.648" errors="0" timestamp="01 Jun 2020 16:22:33 GMT" skipped="2">
  <testcase classname="com.qa.tests.DashboardTest" name="verifyDashboardTitle" time="44.648"/>
  <testcase classname="com.qa.tests.DashboardTest" name="verifyRecordingTitle">
    <skipped/>
  </testcase> <!-- verifyRecordingTitle -->
  <testcase classname="com.qa.tests.DashboardTest" name="verifyEditTitle">
    <skipped/>
  </testcase> <!-- verifyEditTitle -->
</testsuite> <!-- com.qa.tests.DashboardTest -->
